2015-09-10 16:26:34,358 INFO [httl] - Using jcl logger for httl., httl: 1.0.11, jvm: 1.6.0_45, os: Windows 7 6.1 amd64
2015-09-10 16:26:34,522 INFO [httl] - Load httl config from /D:/activities-workspace/excelApp/build/classes/httl.properties in classpath., httl: 1.0.11, jvm: 1.6.0_45, os: Windows 7 6.1 amd64
2015-09-10 16:26:34,526 INFO [httl] - Preload 0 templates from directory / with suffix [.httl], httl: 1.0.11, jvm: 1.6.0_45, os: Windows 7 6.1 amd64
2015-09-10 16:26:34,535 ERROR [com.ist.common.util.TextTemplateUtil] - IO异常:com/ist/httl/excel/httlTemplate.htm
java.lang.IllegalStateException: Not found template /com/ist/httl/excel/httlTemplate.htm in ClasspathResource
	at httl.spi.loaders.resources.AbstractResource.getSource(AbstractResource.java:87)
	at httl.spi.engines.DefaultEngine.parseTemplate(DefaultEngine.java:248)
	at httl.spi.engines.DefaultEngine.getTemplate(DefaultEngine.java:233)
	at httl.Engine.getTemplate(Engine.java:407)
	at com.ist.common.util.TextTemplateUtil.getTemplate(TextTemplateUtil.java:143)
	at com.ist.common.util.TextTemplateUtil.mergingByClassPath(TextTemplateUtil.java:109)
	at com.ist.common.excel.ExcelTemplateServer.exportDataByHttl(ExcelTemplateServer.java:133)
	at com.ist.common.excel.ExcelTemplateServer.main(ExcelTemplateServer.java:175)
Caused by: java.io.FileNotFoundException: Not found template /com/ist/httl/excel/httlTemplate.htm in ClasspathResource
	at httl.spi.loaders.resources.InputStreamResource.openReader(InputStreamResource.java:56)
	at httl.spi.loaders.resources.AbstractResource.getSource(AbstractResource.java:85)
	... 7 more
2015-09-10 16:33:59,566 INFO [httl] - Using jcl logger for httl., httl: 1.0.11, jvm: 1.6.0_45, os: Windows 7 6.1 amd64
2015-09-10 16:33:59,685 INFO [httl] - Load httl config from /D:/activities-workspace/excelApp/build/classes/httl.properties in classpath., httl: 1.0.11, jvm: 1.6.0_45, os: Windows 7 6.1 amd64
2015-09-10 16:33:59,688 INFO [httl] - Preload 0 templates from directory / with suffix [.httl], httl: 1.0.11, jvm: 1.6.0_45, os: Windows 7 6.1 amd64
2015-09-10 16:33:59,695 ERROR [com.ist.common.util.TextTemplateUtil] - IO异常:com/ist/httl/excel/httlTemplate.htm
java.lang.IllegalStateException: Not found template /com/ist/httl/excel/httlTemplate.htm in ClasspathResource
	at httl.spi.loaders.resources.AbstractResource.getSource(AbstractResource.java:87)
	at httl.spi.engines.DefaultEngine.parseTemplate(DefaultEngine.java:248)
	at httl.spi.engines.DefaultEngine.getTemplate(DefaultEngine.java:233)
	at httl.Engine.getTemplate(Engine.java:407)
	at com.ist.common.util.TextTemplateUtil.getTemplate(TextTemplateUtil.java:143)
	at com.ist.common.util.TextTemplateUtil.mergingByClassPath(TextTemplateUtil.java:109)
	at com.ist.common.excel.ExcelTemplateServer.exportDataByHttl(ExcelTemplateServer.java:134)
	at com.ist.common.excel.ExcelTemplateServer.main(ExcelTemplateServer.java:176)
Caused by: java.io.FileNotFoundException: Not found template /com/ist/httl/excel/httlTemplate.htm in ClasspathResource
	at httl.spi.loaders.resources.InputStreamResource.openReader(InputStreamResource.java:56)
	at httl.spi.loaders.resources.AbstractResource.getSource(AbstractResource.java:85)
	... 7 more
2015-09-10 16:41:45,239 INFO [httl] - Using jcl logger for httl., httl: 1.0.11, jvm: 1.6.0_45, os: Windows 7 6.1 amd64
2015-09-10 16:41:45,351 INFO [httl] - Load httl config from /D:/activities-workspace/excelApp/build/classes/httl.properties in classpath., httl: 1.0.11, jvm: 1.6.0_45, os: Windows 7 6.1 amd64
2015-09-10 16:41:45,353 INFO [httl] - Preload 0 templates from directory / with suffix [.httl], httl: 1.0.11, jvm: 1.6.0_45, os: Windows 7 6.1 amd64
2015-09-10 16:41:45,360 ERROR [com.ist.common.util.TextTemplateUtil] - IO异常:com/ist/httl/excel/httlTemplate.htm
java.lang.IllegalStateException: Not found template /com/ist/httl/excel/httlTemplate.htm in ClasspathResource
	at httl.spi.loaders.resources.AbstractResource.getSource(AbstractResource.java:87)
	at httl.spi.engines.DefaultEngine.parseTemplate(DefaultEngine.java:248)
	at httl.spi.engines.DefaultEngine.getTemplate(DefaultEngine.java:233)
	at httl.Engine.getTemplate(Engine.java:407)
	at com.ist.common.util.TextTemplateUtil.getTemplate(TextTemplateUtil.java:143)
	at com.ist.common.util.TextTemplateUtil.mergingByClassPath(TextTemplateUtil.java:109)
	at com.ist.common.excel.ExcelTemplateServer.exportDataByHttl(ExcelTemplateServer.java:135)
	at com.ist.common.excel.ExcelTemplateServer.main(ExcelTemplateServer.java:177)
Caused by: java.io.FileNotFoundException: Not found template /com/ist/httl/excel/httlTemplate.htm in ClasspathResource
	at httl.spi.loaders.resources.InputStreamResource.openReader(InputStreamResource.java:56)
	at httl.spi.loaders.resources.AbstractResource.getSource(AbstractResource.java:85)
	... 7 more
2015-09-10 16:42:06,612 INFO [httl] - Using jcl logger for httl., httl: 1.0.11, jvm: 1.6.0_45, os: Windows 7 6.1 amd64
2015-09-10 16:42:06,718 INFO [httl] - Load httl config from /D:/activities-workspace/excelApp/build/classes/httl.properties in classpath., httl: 1.0.11, jvm: 1.6.0_45, os: Windows 7 6.1 amd64
2015-09-10 16:42:06,721 INFO [httl] - Preload 0 templates from directory / with suffix [.httl], httl: 1.0.11, jvm: 1.6.0_45, os: Windows 7 6.1 amd64
2015-09-10 16:42:06,726 ERROR [com.ist.common.util.TextTemplateUtil] - IO异常:com/ist/httl/excel/httlTemplate.htm
java.lang.IllegalStateException: Not found template /com/ist/httl/excel/httlTemplate.htm in ClasspathResource
	at httl.spi.loaders.resources.AbstractResource.getSource(AbstractResource.java:87)
	at httl.spi.engines.DefaultEngine.parseTemplate(DefaultEngine.java:248)
	at httl.spi.engines.DefaultEngine.getTemplate(DefaultEngine.java:233)
	at httl.Engine.getTemplate(Engine.java:407)
	at com.ist.common.util.TextTemplateUtil.getTemplate(TextTemplateUtil.java:143)
	at com.ist.common.util.TextTemplateUtil.mergingByClassPath(TextTemplateUtil.java:109)
	at com.ist.common.excel.ExcelTemplateServer.exportDataByHttl(ExcelTemplateServer.java:135)
	at com.ist.common.excel.ExcelTemplateServer.main(ExcelTemplateServer.java:177)
Caused by: java.io.FileNotFoundException: Not found template /com/ist/httl/excel/httlTemplate.htm in ClasspathResource
	at httl.spi.loaders.resources.InputStreamResource.openReader(InputStreamResource.java:56)
	at httl.spi.loaders.resources.AbstractResource.getSource(AbstractResource.java:85)
	... 7 more
2015-09-10 17:30:34,240 INFO [httl] - Using jcl logger for httl., httl: 1.0.11, jvm: 1.6.0_45, os: Windows 7 6.1 amd64
2015-09-10 17:30:34,342 INFO [httl] - Load httl config from /D:/activities-workspace/excelApp/build/classes/httl.properties in classpath., httl: 1.0.11, jvm: 1.6.0_45, os: Windows 7 6.1 amd64
2015-09-10 17:30:34,346 INFO [httl] - Preload 0 templates from directory / with suffix [.httl], httl: 1.0.11, jvm: 1.6.0_45, os: Windows 7 6.1 amd64
2015-09-10 17:30:34,352 ERROR [com.ist.common.util.TextTemplateUtil] - IO异常:com/ist/httl/excel/httlTemplate.htm
java.lang.IllegalStateException: Not found template /com/ist/httl/excel/httlTemplate.htm in ClasspathResource
	at httl.spi.loaders.resources.AbstractResource.getSource(AbstractResource.java:87)
	at httl.spi.engines.DefaultEngine.parseTemplate(DefaultEngine.java:248)
	at httl.spi.engines.DefaultEngine.getTemplate(DefaultEngine.java:233)
	at httl.Engine.getTemplate(Engine.java:407)
	at com.ist.common.util.TextTemplateUtil.getTemplate(TextTemplateUtil.java:143)
	at com.ist.common.util.TextTemplateUtil.mergingByClassPath(TextTemplateUtil.java:109)
	at com.ist.common.excel.ExcelTemplateServer.exportDataByHttl(ExcelTemplateServer.java:137)
	at com.ist.common.excel.ExcelTemplateServer.main(ExcelTemplateServer.java:179)
Caused by: java.io.FileNotFoundException: Not found template /com/ist/httl/excel/httlTemplate.htm in ClasspathResource
	at httl.spi.loaders.resources.InputStreamResource.openReader(InputStreamResource.java:56)
	at httl.spi.loaders.resources.AbstractResource.getSource(AbstractResource.java:85)
	... 7 more
2015-09-14 14:56:50,934 DEBUG [net.sf.jxls.transformer.SheetTransformer] - Processing sheet: Sheet1
2015-09-14 14:56:51,044 DEBUG [org.apache.commons.digester.Digester.sax] - setDocumentLocator(com.sun.org.apache.xerces.internal.parsers.AbstractSAXParser$LocatorProxy@36e1e4)
2015-09-14 14:56:51,044 DEBUG [org.apache.commons.digester.Digester.sax] - startDocument()
2015-09-14 14:56:51,045 DEBUG [org.apache.commons.digester.Digester.sax] - startPrefixMapping(jx,http://jxls.sourceforge.net/jxls/jx)
2015-09-14 14:56:51,046 DEBUG [org.apache.commons.digester.Digester.sax] - startElement(,jxls,jxls)
2015-09-14 14:56:51,046 DEBUG [org.apache.commons.digester.Digester] -   Pushing body text ''
2015-09-14 14:56:51,046 DEBUG [org.apache.commons.digester.Digester] -   New match='jxls'
2015-09-14 14:56:51,046 DEBUG [org.apache.commons.digester.Digester] -   No rules found matching 'jxls'.
2015-09-14 14:56:51,047 DEBUG [org.apache.commons.digester.Digester.sax] - startElement(http://jxls.sourceforge.net/jxls/jx,forEach,jx:forEach)
2015-09-14 14:56:51,047 DEBUG [org.apache.commons.digester.Digester] -   Pushing body text ''
2015-09-14 14:56:51,047 DEBUG [org.apache.commons.digester.Digester] -   New match='jxls/forEach'
2015-09-14 14:56:51,047 DEBUG [org.apache.commons.digester.Digester] -   Fire begin() for ObjectCreateRule[className=net.sf.jxls.tag.ForEachTag, attributeName=null]
2015-09-14 14:56:51,048 DEBUG [org.apache.commons.digester.Digester] - [ObjectCreateRule]{jxls/forEach}New net.sf.jxls.tag.ForEachTag
2015-09-14 14:56:51,064 DEBUG [org.apache.commons.digester.Digester] -   Fire begin() for SetPropertiesRule[]
2015-09-14 14:56:51,065 DEBUG [org.apache.commons.digester.Digester] - [SetPropertiesRule]{jxls/forEach} Setting property 'items' to '${userList}'
2015-09-14 14:56:51,065 DEBUG [org.apache.commons.digester.Digester] - [SetPropertiesRule]{jxls/forEach} Setting property 'var' to 'user'
2015-09-14 14:56:51,065 DEBUG [org.apache.commons.digester.Digester] - [SetPropertiesRule]{jxls/forEach} Set net.sf.jxls.tag.ForEachTag properties
2015-09-14 14:56:51,173 DEBUG [org.apache.commons.beanutils.BeanUtils] - BeanUtils.populate(<forEach>, {items=${userList}, var=user})
2015-09-14 14:56:51,201 DEBUG [org.apache.commons.beanutils.ConvertUtils] - Convert string '${userList}' to class 'java.lang.String'
2015-09-14 14:56:51,205 DEBUG [org.apache.commons.beanutils.ConvertUtils] - Convert string 'user' to class 'java.lang.String'
2015-09-14 14:56:51,205 DEBUG [org.apache.commons.digester.Digester.sax] - endElement(http://jxls.sourceforge.net/jxls/jx,forEach,jx:forEach)
2015-09-14 14:56:51,205 DEBUG [org.apache.commons.digester.Digester] -   match='jxls/forEach'
2015-09-14 14:56:51,205 DEBUG [org.apache.commons.digester.Digester] -   bodyText=''
2015-09-14 14:56:51,205 DEBUG [org.apache.commons.digester.Digester] -   Fire body() for ObjectCreateRule[className=net.sf.jxls.tag.ForEachTag, attributeName=null]
2015-09-14 14:56:51,205 DEBUG [org.apache.commons.digester.Digester] -   Fire body() for SetPropertiesRule[]
2015-09-14 14:56:51,205 DEBUG [org.apache.commons.digester.Digester] -   Popping body text ''
2015-09-14 14:56:51,205 DEBUG [org.apache.commons.digester.Digester] -   Fire end() for SetPropertiesRule[]
2015-09-14 14:56:51,206 DEBUG [org.apache.commons.digester.Digester] -   Fire end() for ObjectCreateRule[className=net.sf.jxls.tag.ForEachTag, attributeName=null]
2015-09-14 14:56:51,206 DEBUG [org.apache.commons.digester.Digester] - [ObjectCreateRule]{jxls/forEach} Pop net.sf.jxls.tag.ForEachTag
2015-09-14 14:56:51,206 DEBUG [org.apache.commons.digester.Digester.sax] - endElement(,jxls,jxls)
2015-09-14 14:56:51,206 DEBUG [org.apache.commons.digester.Digester] -   match='jxls'
2015-09-14 14:56:51,206 DEBUG [org.apache.commons.digester.Digester] -   bodyText=''
2015-09-14 14:56:51,206 DEBUG [org.apache.commons.digester.Digester] -   No rules found matching 'jxls'.
2015-09-14 14:56:51,206 DEBUG [org.apache.commons.digester.Digester] -   Popping body text ''
2015-09-14 14:56:51,206 DEBUG [org.apache.commons.digester.Digester.sax] - endPrefixMapping(jx)
2015-09-14 14:56:51,206 DEBUG [org.apache.commons.digester.Digester.sax] - endDocument()
2015-09-14 14:56:51,265 DEBUG [org.apache.commons.jexl.ExpressionFactory] - Parsing expression: userList;
2015-09-14 14:56:51,282 DEBUG [org.apache.commons.jexl.ExpressionFactory] - Parsing expression: userList;
2015-09-14 14:56:51,283 DEBUG [net.sf.jxls.tag.ForEachTag] - forEach tag processing. Attributes: var = user, items=userList
2015-09-14 14:56:51,284 DEBUG [net.sf.jxls.tag.ForEachTag] - Current tagContext: Beans: {username=系统管理员, workbook=org.apache.poi.hssf.usermodel.HSSFWorkbook@1953fd7, hssfRow=org.apache.poi.hssf.usermodel.HSSFRow@1925ff1, userList=[{CREATEDATE=2015-09-06 13:49:36, CREATOR=admin, DEFGROUPKEY=1, FLAG=0, ISADMIN=0, ISBUILDIN=0, ISNEWUSER=1, PASSWORD=0192023a7bbd73250516f069df18b500, REALNAME=guyan, SECRETLEVEL=1, SHOWSTYLE=blue, USERNAME=guya2}, {CREATEDATE=2008-01-01 12:00:00, CREATOR=admin, DEFGROUPKEY=1, FLAG=1, ISADMIN=1, ISBUILDIN=1, ISNEWUSER=0, LASTMODIFYDATE=2020-07-09 09:43:42, MODIFIER=admin, MODIFYDATE=2008-01-01 12:00:00, PASSWORD=e99a18c428cb38d5f260853678922e03, REALNAME=系统管理员, SECRETLEVEL=2, SHOWSTYLE=blue, USERNAME=admin}, {CREATEDATE=2011-10-09 09:44:44, CREATOR=pmpzz02, DEFGROUPKEY=1, FLAG=1, ISADMIN=0, ISBUILDIN=0, ISNEWUSER=0, LASTMODIFYDATE=2020-07-09 09:43:42, MODIFIER=admin, MODIFYDATE=2011-12-05 17:32:01, PASSWORD=e99a18c428cb38d5f260853678922e03, REALNAME=王*-分管行领导, SECRETLEVEL=5, SHOWSTYLE=blue, USERNAME=pmphld}, {CREATEDATE=2011-10-09 09:46:08, CREATOR=admin, DEFGROUPKEY=1, FLAG=1, ISADMIN=0, ISBUILDIN=0, ISNEWUSER=0, LASTMODIFYDATE=2020-07-09 09:43:42, PASSWORD=e99a18c428cb38d5f260853678922e03, REALNAME=张*-审计部负责人, SECRETLEVEL=1, SHOWSTYLE=blue, USERNAME=pmpsjbfzr}, {CREATEDATE=2011-10-09 09:51:52, CREATOR=admin, DEFGROUPKEY=1, FLAG=1, ISADMIN=0, ISBUILDIN=0, ISNEWUSER=0, LASTMODIFYDATE=2020-07-09 09:43:42, PASSWORD=e99a18c428cb38d5f260853678922e03, REALNAME=李*-项目负责人, SECRETLEVEL=1, SHOWSTYLE=blue, USERNAME=pmpxmfzr}, {CREATEDATE=2011-10-09 09:58:01, CREATOR=pmpzz02, DEFGROUPKEY=1, FLAG=1, ISADMIN=0, ISBUILDIN=0, ISNEWUSER=0, LASTMODIFYDATE=2020-07-09 09:43:42, MODIFIER=admin, MODIFYDATE=2011-10-17 15:01:59, PASSWORD=e99a18c428cb38d5f260853678922e03, REALNAME=周*-主审人, SECRETLEVEL=4, SHOWSTYLE=blue, USERNAME=pmpzsr}, {CREATEDATE=2011-10-09 09:58:34, CREATOR=admin, DEFGROUPKEY=1, FLAG=1, ISADMIN=0, ISBUILDIN=0, ISNEWUSER=0, LASTMODIFYDATE=2020-07-09 09:43:42, PASSWORD=e99a18c428cb38d5f260853678922e03, REALNAME=张*-质控经理, SECRETLEVEL=1, SHOWSTYLE=blue, USERNAME=pmpzkjl}, {CREATEDATE=2011-10-09 10:02:14, CREATOR=pmpxmfzr, DEFGROUPKEY=1, FLAG=1, ISADMIN=0, ISBUILDIN=0, ISNEWUSER=0, LASTMODIFYDATE=2020-07-09 09:43:42, MODIFIER=admin, MODIFYDATE=2011-11-03 16:37:21, PASSWORD=e99a18c428cb38d5f260853678922e03, REALNAME=高*-组长, SECRETLEVEL=3, SHOWSTYLE=blue, USERNAME=pmpzz01}, {CREATEDATE=2011-10-09 10:02:46, CREATOR=admin, DEFGROUPKEY=1, FLAG=1, ISADMIN=0, ISBUILDIN=0, ISNEWUSER=0, LASTMODIFYDATE=2020-07-09 09:43:42, PASSWORD=e99a18c428cb38d5f260853678922e03, REALNAME=高02-组长, SECRETLEVEL=1, SHOWSTYLE=blue, USERNAME=pmpzz02}, {CREATEDATE=2011-10-09 10:03:36, CREATOR=admin, DEFGROUPKEY=1, FLAG=1, ISADMIN=0, ISBUILDIN=0, ISNEWUSER=0, LASTMODIFYDATE=2020-07-09 09:43:42, PASSWORD=e99a18c428cb38d5f260853678922e03, REALNAME=梁*-组员, SECRETLEVEL=1, SHOWSTYLE=blue, USERNAME=pmpzy01}, {CREATEDATE=2011-10-09 10:04:09, CREATOR=pmpzz02, DEFGROUPKEY=1, FLAG=1, ISADMIN=0, ISBUILDIN=0, ISNEWUSER=0, LASTMODIFYDATE=2020-07-09 09:43:42, MODIFIER=admin, MODIFYDATE=2012-02-13 15:59:52, PASSWORD=e99a18c428cb38d5f260853678922e03, REALNAME=梁02*-组员, SECRETLEVEL=1, SHOWSTYLE=blue, USERNAME=pmpzy02}, {CREATEDATE=2013-09-04 09:02:12, CREATOR=admin, DEFGROUPKEY=1, FLAG=1, ISADMIN=0, ISBUILDIN=0, ISNEWUSER=0, LASTMODIFYDATE=2020-07-09 09:43:42, MODIFIER=admin, MODIFYDATE=2013-09-04 09:10:10, PASSWORD=e99a18c428cb38d5f260853678922e03, REALNAME=G*-项目经理, SECRETLEVEL=1, SHOWSTYLE=blue, USERNAME=pmpxmjl}, {CREATEDATE=2015-09-06 13:43:29, CREATOR=admin, DEFGROUPKEY=1, FLAG=0, ISADMIN=0, ISBUILDIN=0, ISNEWUSER=1, PASSWORD=1844156d4166d94387f1a4ad031ca5fa, REALNAME=guyan, SECRETLEVEL=1, SHOWSTYLE=blue, USERNAME=guyan}, {CREATEDATE=2015-09-07 15:28:09, CREATOR=admin, DEFGROUPKEY=1, FLAG=1, ISADMIN=0, ISBUILDIN=0, ISNEWUSER=1, PASSWORD=f7a253e77deb9d16ddf9d284c7c9b52d, REALNAME=guyan, SECRETLEVEL=1, SHOWSTYLE=blue, USERNAME=guyan999}, {CREATEDATE=2015-09-07 15:12:09, CREATOR=admin, DEFGROUPKEY=1, FLAG=0, ISADMIN=0, ISBUILDIN=0, ISNEWUSER=1, PASSWORD=f7a253e77deb9d16ddf9d284c7c9b52d, REALNAME=guyan, SECRETLEVEL=1, SHOWSTYLE=blue, USERNAME=guyan11}], sheet=org.apache.poi.hssf.usermodel.HSSFSheet@d8ecf3}, Body: Block (2, -1, 4, -1)
2015-09-14 14:56:51,285 DEBUG [net.sf.jxls.tag.ForEachTag] - Items Collection: [{CREATEDATE=2015-09-06 13:49:36, CREATOR=admin, DEFGROUPKEY=1, FLAG=0, ISADMIN=0, ISBUILDIN=0, ISNEWUSER=1, PASSWORD=0192023a7bbd73250516f069df18b500, REALNAME=guyan, SECRETLEVEL=1, SHOWSTYLE=blue, USERNAME=guya2}, {CREATEDATE=2008-01-01 12:00:00, CREATOR=admin, DEFGROUPKEY=1, FLAG=1, ISADMIN=1, ISBUILDIN=1, ISNEWUSER=0, LASTMODIFYDATE=2020-07-09 09:43:42, MODIFIER=admin, MODIFYDATE=2008-01-01 12:00:00, PASSWORD=e99a18c428cb38d5f260853678922e03, REALNAME=系统管理员, SECRETLEVEL=2, SHOWSTYLE=blue, USERNAME=admin}, {CREATEDATE=2011-10-09 09:44:44, CREATOR=pmpzz02, DEFGROUPKEY=1, FLAG=1, ISADMIN=0, ISBUILDIN=0, ISNEWUSER=0, LASTMODIFYDATE=2020-07-09 09:43:42, MODIFIER=admin, MODIFYDATE=2011-12-05 17:32:01, PASSWORD=e99a18c428cb38d5f260853678922e03, REALNAME=王*-分管行领导, SECRETLEVEL=5, SHOWSTYLE=blue, USERNAME=pmphld}, {CREATEDATE=2011-10-09 09:46:08, CREATOR=admin, DEFGROUPKEY=1, FLAG=1, ISADMIN=0, ISBUILDIN=0, ISNEWUSER=0, LASTMODIFYDATE=2020-07-09 09:43:42, PASSWORD=e99a18c428cb38d5f260853678922e03, REALNAME=张*-审计部负责人, SECRETLEVEL=1, SHOWSTYLE=blue, USERNAME=pmpsjbfzr}, {CREATEDATE=2011-10-09 09:51:52, CREATOR=admin, DEFGROUPKEY=1, FLAG=1, ISADMIN=0, ISBUILDIN=0, ISNEWUSER=0, LASTMODIFYDATE=2020-07-09 09:43:42, PASSWORD=e99a18c428cb38d5f260853678922e03, REALNAME=李*-项目负责人, SECRETLEVEL=1, SHOWSTYLE=blue, USERNAME=pmpxmfzr}, {CREATEDATE=2011-10-09 09:58:01, CREATOR=pmpzz02, DEFGROUPKEY=1, FLAG=1, ISADMIN=0, ISBUILDIN=0, ISNEWUSER=0, LASTMODIFYDATE=2020-07-09 09:43:42, MODIFIER=admin, MODIFYDATE=2011-10-17 15:01:59, PASSWORD=e99a18c428cb38d5f260853678922e03, REALNAME=周*-主审人, SECRETLEVEL=4, SHOWSTYLE=blue, USERNAME=pmpzsr}, {CREATEDATE=2011-10-09 09:58:34, CREATOR=admin, DEFGROUPKEY=1, FLAG=1, ISADMIN=0, ISBUILDIN=0, ISNEWUSER=0, LASTMODIFYDATE=2020-07-09 09:43:42, PASSWORD=e99a18c428cb38d5f260853678922e03, REALNAME=张*-质控经理, SECRETLEVEL=1, SHOWSTYLE=blue, USERNAME=pmpzkjl}, {CREATEDATE=2011-10-09 10:02:14, CREATOR=pmpxmfzr, DEFGROUPKEY=1, FLAG=1, ISADMIN=0, ISBUILDIN=0, ISNEWUSER=0, LASTMODIFYDATE=2020-07-09 09:43:42, MODIFIER=admin, MODIFYDATE=2011-11-03 16:37:21, PASSWORD=e99a18c428cb38d5f260853678922e03, REALNAME=高*-组长, SECRETLEVEL=3, SHOWSTYLE=blue, USERNAME=pmpzz01}, {CREATEDATE=2011-10-09 10:02:46, CREATOR=admin, DEFGROUPKEY=1, FLAG=1, ISADMIN=0, ISBUILDIN=0, ISNEWUSER=0, LASTMODIFYDATE=2020-07-09 09:43:42, PASSWORD=e99a18c428cb38d5f260853678922e03, REALNAME=高02-组长, SECRETLEVEL=1, SHOWSTYLE=blue, USERNAME=pmpzz02}, {CREATEDATE=2011-10-09 10:03:36, CREATOR=admin, DEFGROUPKEY=1, FLAG=1, ISADMIN=0, ISBUILDIN=0, ISNEWUSER=0, LASTMODIFYDATE=2020-07-09 09:43:42, PASSWORD=e99a18c428cb38d5f260853678922e03, REALNAME=梁*-组员, SECRETLEVEL=1, SHOWSTYLE=blue, USERNAME=pmpzy01}, {CREATEDATE=2011-10-09 10:04:09, CREATOR=pmpzz02, DEFGROUPKEY=1, FLAG=1, ISADMIN=0, ISBUILDIN=0, ISNEWUSER=0, LASTMODIFYDATE=2020-07-09 09:43:42, MODIFIER=admin, MODIFYDATE=2012-02-13 15:59:52, PASSWORD=e99a18c428cb38d5f260853678922e03, REALNAME=梁02*-组员, SECRETLEVEL=1, SHOWSTYLE=blue, USERNAME=pmpzy02}, {CREATEDATE=2013-09-04 09:02:12, CREATOR=admin, DEFGROUPKEY=1, FLAG=1, ISADMIN=0, ISBUILDIN=0, ISNEWUSER=0, LASTMODIFYDATE=2020-07-09 09:43:42, MODIFIER=admin, MODIFYDATE=2013-09-04 09:10:10, PASSWORD=e99a18c428cb38d5f260853678922e03, REALNAME=G*-项目经理, SECRETLEVEL=1, SHOWSTYLE=blue, USERNAME=pmpxmjl}, {CREATEDATE=2015-09-06 13:43:29, CREATOR=admin, DEFGROUPKEY=1, FLAG=0, ISADMIN=0, ISBUILDIN=0, ISNEWUSER=1, PASSWORD=1844156d4166d94387f1a4ad031ca5fa, REALNAME=guyan, SECRETLEVEL=1, SHOWSTYLE=blue, USERNAME=guyan}, {CREATEDATE=2015-09-07 15:28:09, CREATOR=admin, DEFGROUPKEY=1, FLAG=1, ISADMIN=0, ISBUILDIN=0, ISNEWUSER=1, PASSWORD=f7a253e77deb9d16ddf9d284c7c9b52d, REALNAME=guyan, SECRETLEVEL=1, SHOWSTYLE=blue, USERNAME=guyan999}, {CREATEDATE=2015-09-07 15:12:09, CREATOR=admin, DEFGROUPKEY=1, FLAG=0, ISADMIN=0, ISBUILDIN=0, ISNEWUSER=1, PASSWORD=f7a253e77deb9d16ddf9d284c7c9b52d, REALNAME=guyan, SECRETLEVEL=1, SHOWSTYLE=blue, USERNAME=guyan11}]
2015-09-14 14:56:51,354 DEBUG [org.apache.commons.jexl.ExpressionFactory] - Parsing expression: user.USERNAME;
2015-09-14 14:56:51,354 DEBUG [org.apache.commons.jexl.ExpressionFactory] - Parsing expression: user;
2015-09-14 14:56:51,355 DEBUG [org.apache.commons.jexl.ExpressionFactory] - Parsing expression: user.USERNAME;
2015-09-14 14:56:51,359 DEBUG [org.apache.commons.jexl.ExpressionFactory] - Parsing expression: user.REALNAME;
2015-09-14 14:56:51,362 DEBUG [org.apache.commons.jexl.ExpressionFactory] - Parsing expression: user;
2015-09-14 14:56:51,362 DEBUG [org.apache.commons.jexl.ExpressionFactory] - Parsing expression: user.REALNAME;
2015-09-14 14:56:51,363 DEBUG [org.apache.commons.jexl.ExpressionFactory] - Parsing expression: user.MODIFIER;
2015-09-14 14:56:51,364 DEBUG [org.apache.commons.jexl.ExpressionFactory] - Parsing expression: user;
2015-09-14 14:56:51,364 DEBUG [org.apache.commons.jexl.ExpressionFactory] - Parsing expression: user.MODIFIER;
2015-09-14 14:56:51,365 DEBUG [org.apache.commons.jexl.ExpressionFactory] - Parsing expression: user.MODIFYDATE;
2015-09-14 14:56:51,366 DEBUG [org.apache.commons.jexl.ExpressionFactory] - Parsing expression: user;
2015-09-14 14:56:51,367 DEBUG [org.apache.commons.jexl.ExpressionFactory] - Parsing expression: user.MODIFYDATE;
2015-09-14 14:56:51,367 DEBUG [org.apache.commons.jexl.ExpressionFactory] - Parsing expression: user.CREATOR;
2015-09-14 14:56:51,368 DEBUG [org.apache.commons.jexl.ExpressionFactory] - Parsing expression: user;
2015-09-14 14:56:51,368 DEBUG [org.apache.commons.jexl.ExpressionFactory] - Parsing expression: user.CREATOR;
2015-09-14 14:56:51,369 DEBUG [org.apache.commons.jexl.ExpressionFactory] - Parsing expression: user.CREATEDATE;
2015-09-14 14:56:51,370 DEBUG [org.apache.commons.jexl.ExpressionFactory] - Parsing expression: user;
2015-09-14 14:56:51,370 DEBUG [org.apache.commons.jexl.ExpressionFactory] - Parsing expression: user.CREATEDATE;
2015-09-14 14:56:51,370 DEBUG [org.apache.commons.jexl.ExpressionFactory] - Parsing expression: user.SECRETLEVEL;
2015-09-14 14:56:51,371 DEBUG [org.apache.commons.jexl.ExpressionFactory] - Parsing expression: user;
2015-09-14 14:56:51,371 DEBUG [org.apache.commons.jexl.ExpressionFactory] - Parsing expression: user.SECRETLEVEL;
2015-09-14 14:56:51,374 DEBUG [net.sf.jxls.transformer.ChainTransformer] - net.sf.jxls.transformer.SimpleRowTransformer, null
2015-09-14 14:56:51,375 DEBUG [org.apache.commons.jexl.ExpressionFactory] - Parsing expression: user.USERNAME;
2015-09-14 14:56:51,375 DEBUG [org.apache.commons.jexl.ExpressionFactory] - Parsing expression: user;
2015-09-14 14:56:51,376 DEBUG [org.apache.commons.jexl.ExpressionFactory] - Parsing expression: user.USERNAME;
2015-09-14 14:56:51,377 DEBUG [org.apache.commons.jexl.ExpressionFactory] - Parsing expression: user.REALNAME;
2015-09-14 14:56:51,378 DEBUG [org.apache.commons.jexl.ExpressionFactory] - Parsing expression: user;
2015-09-14 14:56:51,378 DEBUG [org.apache.commons.jexl.ExpressionFactory] - Parsing expression: user.REALNAME;
2015-09-14 14:56:51,379 DEBUG [org.apache.commons.jexl.ExpressionFactory] - Parsing expression: user.MODIFIER;
2015-09-14 14:56:51,380 DEBUG [org.apache.commons.jexl.ExpressionFactory] - Parsing expression: user;
2015-09-14 14:56:51,380 DEBUG [org.apache.commons.jexl.ExpressionFactory] - Parsing expression: user.MODIFIER;
2015-09-14 14:56:51,381 DEBUG [org.apache.commons.jexl.ExpressionFactory] - Parsing expression: user.MODIFYDATE;
2015-09-14 14:56:51,381 DEBUG [org.apache.commons.jexl.ExpressionFactory] - Parsing expression: user;
2015-09-14 14:56:51,382 DEBUG [org.apache.commons.jexl.ExpressionFactory] - Parsing expression: user.MODIFYDATE;
2015-09-14 14:56:51,382 DEBUG [org.apache.commons.jexl.ExpressionFactory] - Parsing expression: user.CREATOR;
2015-09-14 14:56:51,383 DEBUG [org.apache.commons.jexl.ExpressionFactory] - Parsing expression: user;
2015-09-14 14:56:51,383 DEBUG [org.apache.commons.jexl.ExpressionFactory] - Parsing expression: user.CREATOR;
2015-09-14 14:56:51,383 DEBUG [org.apache.commons.jexl.ExpressionFactory] - Parsing expression: user.CREATEDATE;
2015-09-14 14:56:51,384 DEBUG [org.apache.commons.jexl.ExpressionFactory] - Parsing expression: user;
2015-09-14 14:56:51,384 DEBUG [org.apache.commons.jexl.ExpressionFactory] - Parsing expression: user.CREATEDATE;
2015-09-14 14:56:51,384 DEBUG [org.apache.commons.jexl.ExpressionFactory] - Parsing expression: user.SECRETLEVEL;
2015-09-14 14:56:51,385 DEBUG [org.apache.commons.jexl.ExpressionFactory] - Parsing expression: user;
2015-09-14 14:56:51,385 DEBUG [org.apache.commons.jexl.ExpressionFactory] - Parsing expression: user.SECRETLEVEL;
2015-09-14 14:56:51,386 DEBUG [net.sf.jxls.transformer.ChainTransformer] - net.sf.jxls.transformer.SimpleRowTransformer, null
2015-09-14 14:56:51,386 DEBUG [org.apache.commons.jexl.ExpressionFactory] - Parsing expression: user.USERNAME;
2015-09-14 14:56:51,387 DEBUG [org.apache.commons.jexl.ExpressionFactory] - Parsing expression: user;
2015-09-14 14:56:51,387 DEBUG [org.apache.commons.jexl.ExpressionFactory] - Parsing expression: user.USERNAME;
2015-09-14 14:56:51,388 DEBUG [org.apache.commons.jexl.ExpressionFactory] - Parsing expression: user.REALNAME;
2015-09-14 14:56:51,388 DEBUG [org.apache.commons.jexl.ExpressionFactory] - Parsing expression: user;
2015-09-14 14:56:51,388 DEBUG [org.apache.commons.jexl.ExpressionFactory] - Parsing expression: user.REALNAME;
2015-09-14 14:56:51,389 DEBUG [org.apache.commons.jexl.ExpressionFactory] - Parsing expression: user.MODIFIER;
2015-09-14 14:56:51,389 DEBUG [org.apache.commons.jexl.ExpressionFactory] - Parsing expression: user;
2015-09-14 14:56:51,389 DEBUG [org.apache.commons.jexl.ExpressionFactory] - Parsing expression: user.MODIFIER;
2015-09-14 14:56:51,390 DEBUG [org.apache.commons.jexl.ExpressionFactory] - Parsing expression: user.MODIFYDATE;
2015-09-14 14:56:51,390 DEBUG [org.apache.commons.jexl.ExpressionFactory] - Parsing expression: user;
2015-09-14 14:56:51,391 DEBUG [org.apache.commons.jexl.ExpressionFactory] - Parsing expression: user.MODIFYDATE;
2015-09-14 14:56:51,391 DEBUG [org.apache.commons.jexl.ExpressionFactory] - Parsing expression: user.CREATOR;
2015-09-14 14:56:51,391 DEBUG [org.apache.commons.jexl.ExpressionFactory] - Parsing expression: user;
2015-09-14 14:56:51,392 DEBUG [org.apache.commons.jexl.ExpressionFactory] - Parsing expression: user.CREATOR;
2015-09-14 14:56:51,393 DEBUG [org.apache.commons.jexl.ExpressionFactory] - Parsing expression: user.CREATEDATE;
2015-09-14 14:56:51,393 DEBUG [org.apache.commons.jexl.ExpressionFactory] - Parsing expression: user;
2015-09-14 14:56:51,394 DEBUG [org.apache.commons.jexl.ExpressionFactory] - Parsing expression: user.CREATEDATE;
2015-09-14 14:56:51,394 DEBUG [org.apache.commons.jexl.ExpressionFactory] - Parsing expression: user.SECRETLEVEL;
2015-09-14 14:56:51,395 DEBUG [org.apache.commons.jexl.ExpressionFactory] - Parsing expression: user;
2015-09-14 14:56:51,396 DEBUG [org.apache.commons.jexl.ExpressionFactory] - Parsing expression: user.SECRETLEVEL;
2015-09-14 14:56:51,396 DEBUG [net.sf.jxls.transformer.ChainTransformer] - net.sf.jxls.transformer.SimpleRowTransformer, null
2015-09-14 14:56:51,398 DEBUG [org.apache.commons.jexl.ExpressionFactory] - Parsing expression: user.USERNAME;
2015-09-14 14:56:51,398 DEBUG [org.apache.commons.jexl.ExpressionFactory] - Parsing expression: user;
2015-09-14 14:56:51,399 DEBUG [org.apache.commons.jexl.ExpressionFactory] - Parsing expression: user.USERNAME;
2015-09-14 14:56:51,399 DEBUG [org.apache.commons.jexl.ExpressionFactory] - Parsing expression: user.REALNAME;
2015-09-14 14:56:51,400 DEBUG [org.apache.commons.jexl.ExpressionFactory] - Parsing expression: user;
2015-09-14 14:56:51,400 DEBUG [org.apache.commons.jexl.ExpressionFactory] - Parsing expression: user.REALNAME;
2015-09-14 14:56:51,400 DEBUG [org.apache.commons.jexl.ExpressionFactory] - Parsing expression: user.MODIFIER;
2015-09-14 14:56:51,401 DEBUG [org.apache.commons.jexl.ExpressionFactory] - Parsing expression: user;
2015-09-14 14:56:51,401 DEBUG [org.apache.commons.jexl.ExpressionFactory] - Parsing expression: user.MODIFIER;
2015-09-14 14:56:51,402 DEBUG [org.apache.commons.jexl.ExpressionFactory] - Parsing expression: user.MODIFYDATE;
2015-09-14 14:56:51,403 DEBUG [org.apache.commons.jexl.ExpressionFactory] - Parsing expression: user;
2015-09-14 14:56:51,403 DEBUG [org.apache.commons.jexl.ExpressionFactory] - Parsing expression: user.MODIFYDATE;
2015-09-14 14:56:51,403 DEBUG [org.apache.commons.jexl.ExpressionFactory] - Parsing expression: user.CREATOR;
2015-09-14 14:56:51,404 DEBUG [org.apache.commons.jexl.ExpressionFactory] - Parsing expression: user;
2015-09-14 14:56:51,405 DEBUG [org.apache.commons.jexl.ExpressionFactory] - Parsing expression: user.CREATOR;
2015-09-14 14:56:51,405 DEBUG [org.apache.commons.jexl.ExpressionFactory] - Parsing expression: user.CREATEDATE;
2015-09-14 14:56:51,406 DEBUG [org.apache.commons.jexl.ExpressionFactory] - Parsing expression: user;
2015-09-14 14:56:51,406 DEBUG [org.apache.commons.jexl.ExpressionFactory] - Parsing expression: user.CREATEDATE;
2015-09-14 14:56:51,406 DEBUG [org.apache.commons.jexl.ExpressionFactory] - Parsing expression: user.SECRETLEVEL;
2015-09-14 14:56:51,407 DEBUG [org.apache.commons.jexl.ExpressionFactory] - Parsing expression: user;
2015-09-14 14:56:51,407 DEBUG [org.apache.commons.jexl.ExpressionFactory] - Parsing expression: user.SECRETLEVEL;
2015-09-14 14:56:51,407 DEBUG [net.sf.jxls.transformer.ChainTransformer] - net.sf.jxls.transformer.SimpleRowTransformer, null
2015-09-14 14:56:51,408 DEBUG [org.apache.commons.jexl.ExpressionFactory] - Parsing expression: user.USERNAME;
2015-09-14 14:56:51,409 DEBUG [org.apache.commons.jexl.ExpressionFactory] - Parsing expression: user;
2015-09-14 14:56:51,409 DEBUG [org.apache.commons.jexl.ExpressionFactory] - Parsing expression: user.USERNAME;
2015-09-14 14:56:51,410 DEBUG [org.apache.commons.jexl.ExpressionFactory] - Parsing expression: user.REALNAME;
2015-09-14 14:56:51,411 DEBUG [org.apache.commons.jexl.ExpressionFactory] - Parsing expression: user;
2015-09-14 14:56:51,411 DEBUG [org.apache.commons.jexl.ExpressionFactory] - Parsing expression: user.REALNAME;
2015-09-14 14:56:51,412 DEBUG [org.apache.commons.jexl.ExpressionFactory] - Parsing expression: user.MODIFIER;
2015-09-14 14:56:51,413 DEBUG [org.apache.commons.jexl.ExpressionFactory] - Parsing expression: user;
2015-09-14 14:56:51,413 DEBUG [org.apache.commons.jexl.ExpressionFactory] - Parsing expression: user.MODIFIER;
2015-09-14 14:56:51,414 DEBUG [org.apache.commons.jexl.ExpressionFactory] - Parsing expression: user.MODIFYDATE;
2015-09-14 14:56:51,414 DEBUG [org.apache.commons.jexl.ExpressionFactory] - Parsing expression: user;
2015-09-14 14:56:51,415 DEBUG [org.apache.commons.jexl.ExpressionFactory] - Parsing expression: user.MODIFYDATE;
2015-09-14 14:56:51,416 DEBUG [org.apache.commons.jexl.ExpressionFactory] - Parsing expression: user.CREATOR;
2015-09-14 14:56:51,416 DEBUG [org.apache.commons.jexl.ExpressionFactory] - Parsing expression: user;
2015-09-14 14:56:51,416 DEBUG [org.apache.commons.jexl.ExpressionFactory] - Parsing expression: user.CREATOR;
2015-09-14 14:56:51,417 DEBUG [org.apache.commons.jexl.ExpressionFactory] - Parsing expression: user.CREATEDATE;
2015-09-14 14:56:51,418 DEBUG [org.apache.commons.jexl.ExpressionFactory] - Parsing expression: user;
2015-09-14 14:56:51,418 DEBUG [org.apache.commons.jexl.ExpressionFactory] - Parsing expression: user.CREATEDATE;
2015-09-14 14:56:51,418 DEBUG [org.apache.commons.jexl.ExpressionFactory] - Parsing expression: user.SECRETLEVEL;
2015-09-14 14:56:51,419 DEBUG [org.apache.commons.jexl.ExpressionFactory] - Parsing expression: user;
2015-09-14 14:56:51,419 DEBUG [org.apache.commons.jexl.ExpressionFactory] - Parsing expression: user.SECRETLEVEL;
2015-09-14 14:56:51,420 DEBUG [net.sf.jxls.transformer.ChainTransformer] - net.sf.jxls.transformer.SimpleRowTransformer, null
2015-09-14 14:56:51,421 DEBUG [org.apache.commons.jexl.ExpressionFactory] - Parsing expression: user.USERNAME;
2015-09-14 14:56:51,421 DEBUG [org.apache.commons.jexl.ExpressionFactory] - Parsing expression: user;
2015-09-14 14:56:51,422 DEBUG [org.apache.commons.jexl.ExpressionFactory] - Parsing expression: user.USERNAME;
2015-09-14 14:56:51,422 DEBUG [org.apache.commons.jexl.ExpressionFactory] - Parsing expression: user.REALNAME;
2015-09-14 14:56:51,423 DEBUG [org.apache.commons.jexl.ExpressionFactory] - Parsing expression: user;
2015-09-14 14:56:51,423 DEBUG [org.apache.commons.jexl.ExpressionFactory] - Parsing expression: user.REALNAME;
2015-09-14 14:56:51,424 DEBUG [org.apache.commons.jexl.ExpressionFactory] - Parsing expression: user.MODIFIER;
2015-09-14 14:56:51,425 DEBUG [org.apache.commons.jexl.ExpressionFactory] - Parsing expression: user;
2015-09-14 14:56:51,425 DEBUG [org.apache.commons.jexl.ExpressionFactory] - Parsing expression: user.MODIFIER;
2015-09-14 14:56:51,426 DEBUG [org.apache.commons.jexl.ExpressionFactory] - Parsing expression: user.MODIFYDATE;
2015-09-14 14:56:51,426 DEBUG [org.apache.commons.jexl.ExpressionFactory] - Parsing expression: user;
2015-09-14 14:56:51,427 DEBUG [org.apache.commons.jexl.ExpressionFactory] - Parsing expression: user.MODIFYDATE;
2015-09-14 14:56:51,427 DEBUG [org.apache.commons.jexl.ExpressionFactory] - Parsing expression: user.CREATOR;
2015-09-14 14:56:51,428 DEBUG [org.apache.commons.jexl.ExpressionFactory] - Parsing expression: user;
2015-09-14 14:56:51,428 DEBUG [org.apache.commons.jexl.ExpressionFactory] - Parsing expression: user.CREATOR;
2015-09-14 14:56:51,429 DEBUG [org.apache.commons.jexl.ExpressionFactory] - Parsing expression: user.CREATEDATE;
2015-09-14 14:56:51,429 DEBUG [org.apache.commons.jexl.ExpressionFactory] - Parsing expression: user;
2015-09-14 14:56:51,430 DEBUG [org.apache.commons.jexl.ExpressionFactory] - Parsing expression: user.CREATEDATE;
2015-09-14 14:56:51,431 DEBUG [org.apache.commons.jexl.ExpressionFactory] - Parsing expression: user.SECRETLEVEL;
2015-09-14 14:56:51,431 DEBUG [org.apache.commons.jexl.ExpressionFactory] - Parsing expression: user;
2015-09-14 14:56:51,432 DEBUG [org.apache.commons.jexl.ExpressionFactory] - Parsing expression: user.SECRETLEVEL;
2015-09-14 14:56:51,432 DEBUG [net.sf.jxls.transformer.ChainTransformer] - net.sf.jxls.transformer.SimpleRowTransformer, null
2015-09-14 14:56:51,433 DEBUG [org.apache.commons.jexl.ExpressionFactory] - Parsing expression: user.USERNAME;
2015-09-14 14:56:51,434 DEBUG [org.apache.commons.jexl.ExpressionFactory] - Parsing expression: user;
2015-09-14 14:56:51,434 DEBUG [org.apache.commons.jexl.ExpressionFactory] - Parsing expression: user.USERNAME;
2015-09-14 14:56:51,435 DEBUG [org.apache.commons.jexl.ExpressionFactory] - Parsing expression: user.REALNAME;
2015-09-14 14:56:51,435 DEBUG [org.apache.commons.jexl.ExpressionFactory] - Parsing expression: user;
2015-09-14 14:56:51,435 DEBUG [org.apache.commons.jexl.ExpressionFactory] - Parsing expression: user.REALNAME;
2015-09-14 14:56:51,436 DEBUG [org.apache.commons.jexl.ExpressionFactory] - Parsing expression: user.MODIFIER;
2015-09-14 14:56:51,436 DEBUG [org.apache.commons.jexl.ExpressionFactory] - Parsing expression: user;
2015-09-14 14:56:51,436 DEBUG [org.apache.commons.jexl.ExpressionFactory] - Parsing expression: user.MODIFIER;
2015-09-14 14:56:51,437 DEBUG [org.apache.commons.jexl.ExpressionFactory] - Parsing expression: user.MODIFYDATE;
2015-09-14 14:56:51,437 DEBUG [org.apache.commons.jexl.ExpressionFactory] - Parsing expression: user;
2015-09-14 14:56:51,437 DEBUG [org.apache.commons.jexl.ExpressionFactory] - Parsing expression: user.MODIFYDATE;
2015-09-14 14:56:51,438 DEBUG [org.apache.commons.jexl.ExpressionFactory] - Parsing expression: user.CREATOR;
2015-09-14 14:56:51,438 DEBUG [org.apache.commons.jexl.ExpressionFactory] - Parsing expression: user;
2015-09-14 14:56:51,438 DEBUG [org.apache.commons.jexl.ExpressionFactory] - Parsing expression: user.CREATOR;
2015-09-14 14:56:51,439 DEBUG [org.apache.commons.jexl.ExpressionFactory] - Parsing expression: user.CREATEDATE;
2015-09-14 14:56:51,440 DEBUG [org.apache.commons.jexl.ExpressionFactory] - Parsing expression: user;
2015-09-14 14:56:51,440 DEBUG [org.apache.commons.jexl.ExpressionFactory] - Parsing expression: user.CREATEDATE;
2015-09-14 14:56:51,441 DEBUG [org.apache.commons.jexl.ExpressionFactory] - Parsing expression: user.SECRETLEVEL;
2015-09-14 14:56:51,442 DEBUG [org.apache.commons.jexl.ExpressionFactory] - Parsing expression: user;
2015-09-14 14:56:51,442 DEBUG [org.apache.commons.jexl.ExpressionFactory] - Parsing expression: user.SECRETLEVEL;
2015-09-14 14:56:51,443 DEBUG [net.sf.jxls.transformer.ChainTransformer] - net.sf.jxls.transformer.SimpleRowTransformer, null
2015-09-14 14:56:51,444 DEBUG [org.apache.commons.jexl.ExpressionFactory] - Parsing expression: user.USERNAME;
2015-09-14 14:56:51,445 DEBUG [org.apache.commons.jexl.ExpressionFactory] - Parsing expression: user;
2015-09-14 14:56:51,445 DEBUG [org.apache.commons.jexl.ExpressionFactory] - Parsing expression: user.USERNAME;
2015-09-14 14:56:51,446 DEBUG [org.apache.commons.jexl.ExpressionFactory] - Parsing expression: user.REALNAME;
2015-09-14 14:56:51,446 DEBUG [org.apache.commons.jexl.ExpressionFactory] - Parsing expression: user;
2015-09-14 14:56:51,447 DEBUG [org.apache.commons.jexl.ExpressionFactory] - Parsing expression: user.REALNAME;
2015-09-14 14:56:51,447 DEBUG [org.apache.commons.jexl.ExpressionFactory] - Parsing expression: user.MODIFIER;
2015-09-14 14:56:51,448 DEBUG [org.apache.commons.jexl.ExpressionFactory] - Parsing expression: user;
2015-09-14 14:56:51,448 DEBUG [org.apache.commons.jexl.ExpressionFactory] - Parsing expression: user.MODIFIER;
2015-09-14 14:56:51,449 DEBUG [org.apache.commons.jexl.ExpressionFactory] - Parsing expression: user.MODIFYDATE;
2015-09-14 14:56:51,449 DEBUG [org.apache.commons.jexl.ExpressionFactory] - Parsing expression: user;
2015-09-14 14:56:51,450 DEBUG [org.apache.commons.jexl.ExpressionFactory] - Parsing expression: user.MODIFYDATE;
2015-09-14 14:56:51,450 DEBUG [org.apache.commons.jexl.ExpressionFactory] - Parsing expression: user.CREATOR;
2015-09-14 14:56:51,450 DEBUG [org.apache.commons.jexl.ExpressionFactory] - Parsing expression: user;
2015-09-14 14:56:51,451 DEBUG [org.apache.commons.jexl.ExpressionFactory] - Parsing expression: user.CREATOR;
2015-09-14 14:56:51,452 DEBUG [org.apache.commons.jexl.ExpressionFactory] - Parsing expression: user.CREATEDATE;
2015-09-14 14:56:51,452 DEBUG [org.apache.commons.jexl.ExpressionFactory] - Parsing expression: user;
2015-09-14 14:56:51,453 DEBUG [org.apache.commons.jexl.ExpressionFactory] - Parsing expression: user.CREATEDATE;
2015-09-14 14:56:51,453 DEBUG [org.apache.commons.jexl.ExpressionFactory] - Parsing expression: user.SECRETLEVEL;
2015-09-14 14:56:51,453 DEBUG [org.apache.commons.jexl.ExpressionFactory] - Parsing expression: user;
2015-09-14 14:56:51,454 DEBUG [org.apache.commons.jexl.ExpressionFactory] - Parsing expression: user.SECRETLEVEL;
2015-09-14 14:56:51,454 DEBUG [net.sf.jxls.transformer.ChainTransformer] - net.sf.jxls.transformer.SimpleRowTransformer, null
2015-09-14 14:56:51,455 DEBUG [org.apache.commons.jexl.ExpressionFactory] - Parsing expression: user.USERNAME;
2015-09-14 14:56:51,455 DEBUG [org.apache.commons.jexl.ExpressionFactory] - Parsing expression: user;
2015-09-14 14:56:51,456 DEBUG [org.apache.commons.jexl.ExpressionFactory] - Parsing expression: user.USERNAME;
2015-09-14 14:56:51,456 DEBUG [org.apache.commons.jexl.ExpressionFactory] - Parsing expression: user.REALNAME;
2015-09-14 14:56:51,456 DEBUG [org.apache.commons.jexl.ExpressionFactory] - Parsing expression: user;
2015-09-14 14:56:51,457 DEBUG [org.apache.commons.jexl.ExpressionFactory] - Parsing expression: user.REALNAME;
2015-09-14 14:56:51,457 DEBUG [org.apache.commons.jexl.ExpressionFactory] - Parsing expression: user.MODIFIER;
2015-09-14 14:56:51,458 DEBUG [org.apache.commons.jexl.ExpressionFactory] - Parsing expression: user;
2015-09-14 14:56:51,458 DEBUG [org.apache.commons.jexl.ExpressionFactory] - Parsing expression: user.MODIFIER;
2015-09-14 14:56:51,458 DEBUG [org.apache.commons.jexl.ExpressionFactory] - Parsing expression: user.MODIFYDATE;
2015-09-14 14:56:51,459 DEBUG [org.apache.commons.jexl.ExpressionFactory] - Parsing expression: user;
2015-09-14 14:56:51,459 DEBUG [org.apache.commons.jexl.ExpressionFactory] - Parsing expression: user.MODIFYDATE;
2015-09-14 14:56:51,460 DEBUG [org.apache.commons.jexl.ExpressionFactory] - Parsing expression: user.CREATOR;
2015-09-14 14:56:51,460 DEBUG [org.apache.commons.jexl.ExpressionFactory] - Parsing expression: user;
2015-09-14 14:56:51,461 DEBUG [org.apache.commons.jexl.ExpressionFactory] - Parsing expression: user.CREATOR;
2015-09-14 14:56:51,461 DEBUG [org.apache.commons.jexl.ExpressionFactory] - Parsing expression: user.CREATEDATE;
2015-09-14 14:56:51,462 DEBUG [org.apache.commons.jexl.ExpressionFactory] - Parsing expression: user;
2015-09-14 14:56:51,462 DEBUG [org.apache.commons.jexl.ExpressionFactory] - Parsing expression: user.CREATEDATE;
2015-09-14 14:56:51,463 DEBUG [org.apache.commons.jexl.ExpressionFactory] - Parsing expression: user.SECRETLEVEL;
2015-09-14 14:56:51,464 DEBUG [org.apache.commons.jexl.ExpressionFactory] - Parsing expression: user;
2015-09-14 14:56:51,464 DEBUG [org.apache.commons.jexl.ExpressionFactory] - Parsing expression: user.SECRETLEVEL;
2015-09-14 14:56:51,464 DEBUG [net.sf.jxls.transformer.ChainTransformer] - net.sf.jxls.transformer.SimpleRowTransformer, null
2015-09-14 14:56:51,465 DEBUG [org.apache.commons.jexl.ExpressionFactory] - Parsing expression: user.USERNAME;
2015-09-14 14:56:51,465 DEBUG [org.apache.commons.jexl.ExpressionFactory] - Parsing expression: user;
2015-09-14 14:56:51,466 DEBUG [org.apache.commons.jexl.ExpressionFactory] - Parsing expression: user.USERNAME;
2015-09-14 14:56:51,466 DEBUG [org.apache.commons.jexl.ExpressionFactory] - Parsing expression: user.REALNAME;
2015-09-14 14:56:51,467 DEBUG [org.apache.commons.jexl.ExpressionFactory] - Parsing expression: user;
2015-09-14 14:56:51,467 DEBUG [org.apache.commons.jexl.ExpressionFactory] - Parsing expression: user.REALNAME;
2015-09-14 14:56:51,468 DEBUG [org.apache.commons.jexl.ExpressionFactory] - Parsing expression: user.MODIFIER;
2015-09-14 14:56:51,468 DEBUG [org.apache.commons.jexl.ExpressionFactory] - Parsing expression: user;
2015-09-14 14:56:51,468 DEBUG [org.apache.commons.jexl.ExpressionFactory] - Parsing expression: user.MODIFIER;
2015-09-14 14:56:51,469 DEBUG [org.apache.commons.jexl.ExpressionFactory] - Parsing expression: user.MODIFYDATE;
2015-09-14 14:56:51,469 DEBUG [org.apache.commons.jexl.ExpressionFactory] - Parsing expression: user;
2015-09-14 14:56:51,469 DEBUG [org.apache.commons.jexl.ExpressionFactory] - Parsing expression: user.MODIFYDATE;
2015-09-14 14:56:51,470 DEBUG [org.apache.commons.jexl.ExpressionFactory] - Parsing expression: user.CREATOR;
2015-09-14 14:56:51,470 DEBUG [org.apache.commons.jexl.ExpressionFactory] - Parsing expression: user;
2015-09-14 14:56:51,470 DEBUG [org.apache.commons.jexl.ExpressionFactory] - Parsing expression: user.CREATOR;
2015-09-14 14:56:51,471 DEBUG [org.apache.commons.jexl.ExpressionFactory] - Parsing expression: user.CREATEDATE;
2015-09-14 14:56:51,471 DEBUG [org.apache.commons.jexl.ExpressionFactory] - Parsing expression: user;
2015-09-14 14:56:51,472 DEBUG [org.apache.commons.jexl.ExpressionFactory] - Parsing expression: user.CREATEDATE;
2015-09-14 14:56:51,472 DEBUG [org.apache.commons.jexl.ExpressionFactory] - Parsing expression: user.SECRETLEVEL;
2015-09-14 14:56:51,473 DEBUG [org.apache.commons.jexl.ExpressionFactory] - Parsing expression: user;
2015-09-14 14:56:51,473 DEBUG [org.apache.commons.jexl.ExpressionFactory] - Parsing expression: user.SECRETLEVEL;
2015-09-14 14:56:51,473 DEBUG [net.sf.jxls.transformer.ChainTransformer] - net.sf.jxls.transformer.SimpleRowTransformer, null
2015-09-14 14:56:51,474 DEBUG [org.apache.commons.jexl.ExpressionFactory] - Parsing expression: user.USERNAME;
2015-09-14 14:56:51,474 DEBUG [org.apache.commons.jexl.ExpressionFactory] - Parsing expression: user;
2015-09-14 14:56:51,475 DEBUG [org.apache.commons.jexl.ExpressionFactory] - Parsing expression: user.USERNAME;
2015-09-14 14:56:51,475 DEBUG [org.apache.commons.jexl.ExpressionFactory] - Parsing expression: user.REALNAME;
2015-09-14 14:56:51,476 DEBUG [org.apache.commons.jexl.ExpressionFactory] - Parsing expression: user;
2015-09-14 14:56:51,476 DEBUG [org.apache.commons.jexl.ExpressionFactory] - Parsing expression: user.REALNAME;
2015-09-14 14:56:51,476 DEBUG [org.apache.commons.jexl.ExpressionFactory] - Parsing expression: user.MODIFIER;
2015-09-14 14:56:51,476 DEBUG [org.apache.commons.jexl.ExpressionFactory] - Parsing expression: user;
2015-09-14 14:56:51,478 DEBUG [org.apache.commons.jexl.ExpressionFactory] - Parsing expression: user.MODIFIER;
2015-09-14 14:56:51,478 DEBUG [org.apache.commons.jexl.ExpressionFactory] - Parsing expression: user.MODIFYDATE;
2015-09-14 14:56:51,479 DEBUG [org.apache.commons.jexl.ExpressionFactory] - Parsing expression: user;
2015-09-14 14:56:51,479 DEBUG [org.apache.commons.jexl.ExpressionFactory] - Parsing expression: user.MODIFYDATE;
2015-09-14 14:56:51,479 DEBUG [org.apache.commons.jexl.ExpressionFactory] - Parsing expression: user.CREATOR;
2015-09-14 14:56:51,480 DEBUG [org.apache.commons.jexl.ExpressionFactory] - Parsing expression: user;
2015-09-14 14:56:51,480 DEBUG [org.apache.commons.jexl.ExpressionFactory] - Parsing expression: user.CREATOR;
2015-09-14 14:56:51,481 DEBUG [org.apache.commons.jexl.ExpressionFactory] - Parsing expression: user.CREATEDATE;
2015-09-14 14:56:51,481 DEBUG [org.apache.commons.jexl.ExpressionFactory] - Parsing expression: user;
2015-09-14 14:56:51,481 DEBUG [org.apache.commons.jexl.ExpressionFactory] - Parsing expression: user.CREATEDATE;
2015-09-14 14:56:51,482 DEBUG [org.apache.commons.jexl.ExpressionFactory] - Parsing expression: user.SECRETLEVEL;
2015-09-14 14:56:51,482 DEBUG [org.apache.commons.jexl.ExpressionFactory] - Parsing expression: user;
2015-09-14 14:56:51,482 DEBUG [org.apache.commons.jexl.ExpressionFactory] - Parsing expression: user.SECRETLEVEL;
2015-09-14 14:56:51,483 DEBUG [net.sf.jxls.transformer.ChainTransformer] - net.sf.jxls.transformer.SimpleRowTransformer, null
2015-09-14 14:56:51,483 DEBUG [org.apache.commons.jexl.ExpressionFactory] - Parsing expression: user.USERNAME;
2015-09-14 14:56:51,484 DEBUG [org.apache.commons.jexl.ExpressionFactory] - Parsing expression: user;
2015-09-14 14:56:51,484 DEBUG [org.apache.commons.jexl.ExpressionFactory] - Parsing expression: user.USERNAME;
2015-09-14 14:56:51,484 DEBUG [org.apache.commons.jexl.ExpressionFactory] - Parsing expression: user.REALNAME;
2015-09-14 14:56:51,485 DEBUG [org.apache.commons.jexl.ExpressionFactory] - Parsing expression: user;
2015-09-14 14:56:51,485 DEBUG [org.apache.commons.jexl.ExpressionFactory] - Parsing expression: user.REALNAME;
2015-09-14 14:56:51,485 DEBUG [org.apache.commons.jexl.ExpressionFactory] - Parsing expression: user.MODIFIER;
2015-09-14 14:56:51,485 DEBUG [org.apache.commons.jexl.ExpressionFactory] - Parsing expression: user;
2015-09-14 14:56:51,486 DEBUG [org.apache.commons.jexl.ExpressionFactory] - Parsing expression: user.MODIFIER;
2015-09-14 14:56:51,486 DEBUG [org.apache.commons.jexl.ExpressionFactory] - Parsing expression: user.MODIFYDATE;
2015-09-14 14:56:51,487 DEBUG [org.apache.commons.jexl.ExpressionFactory] - Parsing expression: user;
2015-09-14 14:56:51,487 DEBUG [org.apache.commons.jexl.ExpressionFactory] - Parsing expression: user.MODIFYDATE;
2015-09-14 14:56:51,488 DEBUG [org.apache.commons.jexl.ExpressionFactory] - Parsing expression: user.CREATOR;
2015-09-14 14:56:51,488 DEBUG [org.apache.commons.jexl.ExpressionFactory] - Parsing expression: user;
2015-09-14 14:56:51,488 DEBUG [org.apache.commons.jexl.ExpressionFactory] - Parsing expression: user.CREATOR;
2015-09-14 14:56:51,489 DEBUG [org.apache.commons.jexl.ExpressionFactory] - Parsing expression: user.CREATEDATE;
2015-09-14 14:56:51,490 DEBUG [org.apache.commons.jexl.ExpressionFactory] - Parsing expression: user;
2015-09-14 14:56:51,490 DEBUG [org.apache.commons.jexl.ExpressionFactory] - Parsing expression: user.CREATEDATE;
2015-09-14 14:56:51,491 DEBUG [org.apache.commons.jexl.ExpressionFactory] - Parsing expression: user.SECRETLEVEL;
2015-09-14 14:56:51,491 DEBUG [org.apache.commons.jexl.ExpressionFactory] - Parsing expression: user;
2015-09-14 14:56:51,491 DEBUG [org.apache.commons.jexl.ExpressionFactory] - Parsing expression: user.SECRETLEVEL;
2015-09-14 14:56:51,492 DEBUG [net.sf.jxls.transformer.ChainTransformer] - net.sf.jxls.transformer.SimpleRowTransformer, null
2015-09-14 14:56:51,493 DEBUG [org.apache.commons.jexl.ExpressionFactory] - Parsing expression: user.USERNAME;
2015-09-14 14:56:51,494 DEBUG [org.apache.commons.jexl.ExpressionFactory] - Parsing expression: user;
2015-09-14 14:56:51,496 DEBUG [org.apache.commons.jexl.ExpressionFactory] - Parsing expression: user.USERNAME;
2015-09-14 14:56:51,496 DEBUG [org.apache.commons.jexl.ExpressionFactory] - Parsing expression: user.REALNAME;
2015-09-14 14:56:51,497 DEBUG [org.apache.commons.jexl.ExpressionFactory] - Parsing expression: user;
2015-09-14 14:56:51,497 DEBUG [org.apache.commons.jexl.ExpressionFactory] - Parsing expression: user.REALNAME;
2015-09-14 14:56:51,498 DEBUG [org.apache.commons.jexl.ExpressionFactory] - Parsing expression: user.MODIFIER;
2015-09-14 14:56:51,498 DEBUG [org.apache.commons.jexl.ExpressionFactory] - Parsing expression: user;
2015-09-14 14:56:51,498 DEBUG [org.apache.commons.jexl.ExpressionFactory] - Parsing expression: user.MODIFIER;
2015-09-14 14:56:51,499 DEBUG [org.apache.commons.jexl.ExpressionFactory] - Parsing expression: user.MODIFYDATE;
2015-09-14 14:56:51,499 DEBUG [org.apache.commons.jexl.ExpressionFactory] - Parsing expression: user;
2015-09-14 14:56:51,500 DEBUG [org.apache.commons.jexl.ExpressionFactory] - Parsing expression: user.MODIFYDATE;
2015-09-14 14:56:51,500 DEBUG [org.apache.commons.jexl.ExpressionFactory] - Parsing expression: user.CREATOR;
2015-09-14 14:56:51,501 DEBUG [org.apache.commons.jexl.ExpressionFactory] - Parsing expression: user;
2015-09-14 14:56:51,501 DEBUG [org.apache.commons.jexl.ExpressionFactory] - Parsing expression: user.CREATOR;
2015-09-14 14:56:51,501 DEBUG [org.apache.commons.jexl.ExpressionFactory] - Parsing expression: user.CREATEDATE;
2015-09-14 14:56:51,502 DEBUG [org.apache.commons.jexl.ExpressionFactory] - Parsing expression: user;
2015-09-14 14:56:51,502 DEBUG [org.apache.commons.jexl.ExpressionFactory] - Parsing expression: user.CREATEDATE;
2015-09-14 14:56:51,503 DEBUG [org.apache.commons.jexl.ExpressionFactory] - Parsing expression: user.SECRETLEVEL;
2015-09-14 14:56:51,503 DEBUG [org.apache.commons.jexl.ExpressionFactory] - Parsing expression: user;
2015-09-14 14:56:51,503 DEBUG [org.apache.commons.jexl.ExpressionFactory] - Parsing expression: user.SECRETLEVEL;
2015-09-14 14:56:51,504 DEBUG [net.sf.jxls.transformer.ChainTransformer] - net.sf.jxls.transformer.SimpleRowTransformer, null
2015-09-14 14:56:51,505 DEBUG [org.apache.commons.jexl.ExpressionFactory] - Parsing expression: user.USERNAME;
2015-09-14 14:56:51,505 DEBUG [org.apache.commons.jexl.ExpressionFactory] - Parsing expression: user;
2015-09-14 14:56:51,506 DEBUG [org.apache.commons.jexl.ExpressionFactory] - Parsing expression: user.USERNAME;
2015-09-14 14:56:51,507 DEBUG [org.apache.commons.jexl.ExpressionFactory] - Parsing expression: user.REALNAME;
2015-09-14 14:56:51,507 DEBUG [org.apache.commons.jexl.ExpressionFactory] - Parsing expression: user;
2015-09-14 14:56:51,507 DEBUG [org.apache.commons.jexl.ExpressionFactory] - Parsing expression: user.REALNAME;
2015-09-14 14:56:51,508 DEBUG [org.apache.commons.jexl.ExpressionFactory] - Parsing expression: user.MODIFIER;
2015-09-14 14:56:51,508 DEBUG [org.apache.commons.jexl.ExpressionFactory] - Parsing expression: user;
2015-09-14 14:56:51,509 DEBUG [org.apache.commons.jexl.ExpressionFactory] - Parsing expression: user.MODIFIER;
2015-09-14 14:56:51,509 DEBUG [org.apache.commons.jexl.ExpressionFactory] - Parsing expression: user.MODIFYDATE;
2015-09-14 14:56:51,510 DEBUG [org.apache.commons.jexl.ExpressionFactory] - Parsing expression: user;
2015-09-14 14:56:51,510 DEBUG [org.apache.commons.jexl.ExpressionFactory] - Parsing expression: user.MODIFYDATE;
2015-09-14 14:56:51,511 DEBUG [org.apache.commons.jexl.ExpressionFactory] - Parsing expression: user.CREATOR;
2015-09-14 14:56:51,511 DEBUG [org.apache.commons.jexl.ExpressionFactory] - Parsing expression: user;
2015-09-14 14:56:51,512 DEBUG [org.apache.commons.jexl.ExpressionFactory] - Parsing expression: user.CREATOR;
2015-09-14 14:56:51,513 DEBUG [org.apache.commons.jexl.ExpressionFactory] - Parsing expression: user.CREATEDATE;
2015-09-14 14:56:51,513 DEBUG [org.apache.commons.jexl.ExpressionFactory] - Parsing expression: user;
2015-09-14 14:56:51,514 DEBUG [org.apache.commons.jexl.ExpressionFactory] - Parsing expression: user.CREATEDATE;
2015-09-14 14:56:51,514 DEBUG [org.apache.commons.jexl.ExpressionFactory] - Parsing expression: user.SECRETLEVEL;
2015-09-14 14:56:51,514 DEBUG [org.apache.commons.jexl.ExpressionFactory] - Parsing expression: user;
2015-09-14 14:56:51,515 DEBUG [org.apache.commons.jexl.ExpressionFactory] - Parsing expression: user.SECRETLEVEL;
2015-09-14 14:56:51,515 DEBUG [net.sf.jxls.transformer.ChainTransformer] - net.sf.jxls.transformer.SimpleRowTransformer, null
2015-09-14 14:56:51,516 DEBUG [org.apache.commons.jexl.ExpressionFactory] - Parsing expression: user.USERNAME;
2015-09-14 14:56:51,516 DEBUG [org.apache.commons.jexl.ExpressionFactory] - Parsing expression: user;
2015-09-14 14:56:51,516 DEBUG [org.apache.commons.jexl.ExpressionFactory] - Parsing expression: user.USERNAME;
2015-09-14 14:56:51,517 DEBUG [org.apache.commons.jexl.ExpressionFactory] - Parsing expression: user.REALNAME;
2015-09-14 14:56:51,517 DEBUG [org.apache.commons.jexl.ExpressionFactory] - Parsing expression: user;
2015-09-14 14:56:51,518 DEBUG [org.apache.commons.jexl.ExpressionFactory] - Parsing expression: user.REALNAME;
2015-09-14 14:56:51,518 DEBUG [org.apache.commons.jexl.ExpressionFactory] - Parsing expression: user.MODIFIER;
2015-09-14 14:56:51,518 DEBUG [org.apache.commons.jexl.ExpressionFactory] - Parsing expression: user;
2015-09-14 14:56:51,519 DEBUG [org.apache.commons.jexl.ExpressionFactory] - Parsing expression: user.MODIFIER;
2015-09-14 14:56:51,519 DEBUG [org.apache.commons.jexl.ExpressionFactory] - Parsing expression: user.MODIFYDATE;
2015-09-14 14:56:51,520 DEBUG [org.apache.commons.jexl.ExpressionFactory] - Parsing expression: user;
2015-09-14 14:56:51,520 DEBUG [org.apache.commons.jexl.ExpressionFactory] - Parsing expression: user.MODIFYDATE;
2015-09-14 14:56:51,520 DEBUG [org.apache.commons.jexl.ExpressionFactory] - Parsing expression: user.CREATOR;
2015-09-14 14:56:51,521 DEBUG [org.apache.commons.jexl.ExpressionFactory] - Parsing expression: user;
2015-09-14 14:56:51,521 DEBUG [org.apache.commons.jexl.ExpressionFactory] - Parsing expression: user.CREATOR;
2015-09-14 14:56:51,522 DEBUG [org.apache.commons.jexl.ExpressionFactory] - Parsing expression: user.CREATEDATE;
2015-09-14 14:56:51,522 DEBUG [org.apache.commons.jexl.ExpressionFactory] - Parsing expression: user;
2015-09-14 14:56:51,523 DEBUG [org.apache.commons.jexl.ExpressionFactory] - Parsing expression: user.CREATEDATE;
2015-09-14 14:56:51,523 DEBUG [org.apache.commons.jexl.ExpressionFactory] - Parsing expression: user.SECRETLEVEL;
2015-09-14 14:56:51,523 DEBUG [org.apache.commons.jexl.ExpressionFactory] - Parsing expression: user;
2015-09-14 14:56:51,524 DEBUG [org.apache.commons.jexl.ExpressionFactory] - Parsing expression: user.SECRETLEVEL;
2015-09-14 14:56:51,524 DEBUG [net.sf.jxls.transformer.ChainTransformer] - net.sf.jxls.transformer.SimpleRowTransformer, null
2015-09-14 14:56:51,525 DEBUG [org.apache.commons.jexl.ExpressionFactory] - Parsing expression: username;
2015-09-14 14:56:51,525 DEBUG [org.apache.commons.jexl.ExpressionFactory] - Parsing expression: username;
2015-09-14 14:56:51,537 DEBUG [net.sf.jxls.transformer.SheetTransformer] - Processing sheet: Sheet2
2015-09-14 14:56:51,537 DEBUG [net.sf.jxls.transformer.SheetTransformer] - Processing sheet: Sheet3
